0 info it worked if it ends with ok
1 verbose cli [ '/usr/bin/node',
1 verbose cli   '/usr/bin/npm',
1 verbose cli   'remove',
1 verbose cli   'queryloader2',
1 verbose cli   'vue-validator' ]
2 info using npm@1.4.28
3 info using node@v0.10.40
4 verbose node symlink /usr/bin/node
5 verbose node_modules/queryloader2 unbuild
6 verbose node_modules/vue-validator unbuild
7 info preuninstall queryloader2@3.1.0
8 info uninstall queryloader2@3.1.0
9 verbose true,/home/alexroch/Projetos/Mobile/Projetos/agenda/www/node_modules,/home/alexroch/Projetos/Mobile/Projetos/agenda/www/node_modules unbuild queryloader2@3.1.0
10 info postuninstall queryloader2@3.1.0
11 info preuninstall vue-validator@2.0.0-alpha.5
12 info uninstall vue-validator@2.0.0-alpha.5
13 verbose true,/home/alexroch/Projetos/Mobile/Projetos/agenda/www/node_modules,/home/alexroch/Projetos/Mobile/Projetos/agenda/www/node_modules unbuild vue-validator@2.0.0-alpha.5
14 info postuninstall vue-validator@2.0.0-alpha.5
15 error Error: EACCES, unlink '/home/alexroch/Projetos/Mobile/Projetos/agenda/www/node_modules/queryloader2/node_modules/.bin/_mocha'
15 error  { [Error: EACCES, unlink '/home/alexroch/Projetos/Mobile/Projetos/agenda/www/node_modules/queryloader2/node_modules/.bin/_mocha']
15 error   errno: 3,
15 error   code: 'EACCES',
15 error   path: '/home/alexroch/Projetos/Mobile/Projetos/agenda/www/node_modules/queryloader2/node_modules/.bin/_mocha' }
16 error Please try running this command again as root/Administrator.
17 error System Linux 3.19.0-33-generic
18 error command "/usr/bin/node" "/usr/bin/npm" "remove" "queryloader2" "vue-validator"
19 error cwd /home/alexroch/Projetos/Mobile/Projetos/agenda/www
20 error node -v v0.10.40
21 error npm -v 1.4.28
22 error path /home/alexroch/Projetos/Mobile/Projetos/agenda/www/node_modules/queryloader2/node_modules/.bin/_mocha
23 error code EACCES
24 error errno 3
25 error stack Error: EACCES, unlink '/home/alexroch/Projetos/Mobile/Projetos/agenda/www/node_modules/queryloader2/node_modules/.bin/_mocha'
26 verbose exit [ 3, true ]
